<?xml version="1.0" encoding="UTF-8"?>
<!-- Generated by org.testng.reporters.JUnitReportReporter -->
<testsuite hostname="DESKTOP-S4VQME9" failures="0" tests="3" name="crossbrowser.CrossBrowserTest" time="8.950" errors="0" timestamp="2023-08-21T15:53:46 IST" skipped="0">
  <testcase classname="crossbrowser.CrossBrowserTest" name="test" time="2.606"/>
  <system-out/>
  <testcase classname="crossbrowser.CrossBrowserTest" name="test" time="2.996"/>
  <system-out/>
  <testcase classname="crossbrowser.CrossBrowserTest" name="test" time="3.348"/>
  <system-out/>
</testsuite> <!-- crossbrowser.CrossBrowserTest -->
