<?xml version="1.0" encoding="UTF-8"?>
<!-- Generated by org.testng.reporters.JUnitReportReporter -->
<testsuite hostname="DESKTOP-S4VQME9" failures="0" tests="1" name="shopping.Payment" time="0.001" errors="0" timestamp="2023-08-09T15:34:54 IST" skipped="0">
  <testcase classname="shopping.Payment" name="creditCart" time="0.001"/>
  <system-out/>
</testsuite> <!-- shopping.Payment -->
