<?xml version="1.0" encoding="UTF-8"?>
<!-- Generated by org.testng.reporters.JUnitReportReporter -->
<testsuite hostname="DESKTOP-S4VQME9" failures="0" tests="1" name="shopping.User" time="0.002" errors="0" timestamp="2023-08-04T16:10:49 IST" skipped="0">
  <testcase classname="shopping.User" name="login" time="0.002"/>
  <system-out/>
</testsuite> <!-- shopping.User -->
