<?xml version="1.0" encoding="UTF-8"?>
<!-- Generated by org.testng.reporters.JUnitReportReporter -->
<testsuite hostname="DESKTOP-S4VQME9" failures="0" tests="4" name="parameterized.FB_Parameter" time="0.638" errors="0" timestamp="2023-08-16T15:51:40 IST" skipped="0">
  <testcase classname="parameterized.FB_Parameter" name="loginTest" time="0.193"/>
  <system-out/>
  <testcase classname="parameterized.FB_Parameter" name="loginTest" time="0.150"/>
  <system-out/>
  <testcase classname="parameterized.FB_Parameter" name="loginTest" time="0.148"/>
  <system-out/>
  <testcase classname="parameterized.FB_Parameter" name="loginTest" time="0.147"/>
  <system-out/>
</testsuite> <!-- parameterized.FB_Parameter -->
