<?xml version="1.0" encoding="UTF-8"?>
<!-- Generated by org.testng.reporters.JUnitReportReporter -->
<testsuite hostname="DESKTOP-S4VQME9" failures="0" tests="1" name="shopping.Product" time="0.011" errors="0" timestamp="2023-08-04T16:10:49 IST" skipped="0">
  <testcase classname="shopping.Product" name="addtoCart" time="0.011"/>
  <system-out/>
</testsuite> <!-- shopping.Product -->
