<?xml version="1.0" encoding="UTF-8"?>
<!-- Generated by org.testng.reporters.JUnitReportReporter -->
<testsuite hostname="DESKTOP-S4VQME9" failures="0" tests="1" name="parameterized.parameterTest" time="2.758" errors="0" timestamp="2023-08-16T15:43:48 IST" skipped="0">
  <testcase classname="parameterized.parameterTest" name="test" time="2.758"/>
  <system-out/>
</testsuite> <!-- parameterized.parameterTest -->
