<?xml version="1.0" encoding="UTF-8"?>
<!-- Generated by org.testng.reporters.JUnitReportReporter -->
<testsuite hostname="DESKTOP-S4VQME9" failures="0" tests="2" name="shopping.User" time="0.004" errors="0" timestamp="2023-08-09T15:34:54 IST" skipped="0">
  <testcase classname="shopping.User" name="login" time="0.002"/>
  <system-out/>
  <testcase classname="shopping.User" name="profilemange" time="0.002"/>
  <system-out/>
</testsuite> <!-- shopping.User -->
