<?xml version="1.0" encoding="UTF-8"?>
<!-- Generated by org.testng.reporters.JUnitReportReporter -->
<testsuite hostname="DESKTOP-S4VQME9" failures="0" tests="4" name="testng.TestNG_basic" time="0.016" errors="0" timestamp="2023-08-04T15:40:46 IST" skipped="0">
  <testcase classname="testng.TestNG_basic" name="createAccoutn" time="0.012"/>
  <system-out/>
  <testcase classname="testng.TestNG_basic" name="login" time="0.002"/>
  <system-out/>
  <testcase classname="testng.TestNG_basic" name="alpha" time="0.001"/>
  <system-out/>
  <testcase classname="testng.TestNG_basic" name="test1" time="0.001"/>
  <system-out/>
</testsuite> <!-- testng.TestNG_basic -->
