<?xml version="1.0" encoding="UTF-8"?>
<!-- Generated by org.testng.reporters.JUnitReportReporter -->
<testsuite hostname="DESKTOP-S4VQME9" failures="0" tests="3" name="dependency.DemoTest" time="0.012" errors="0" timestamp="2023-08-18T15:48:42 IST" skipped="0">
  <testcase classname="dependency.DemoTest" name="home" time="0.002"/>
  <system-out/>
  <testcase classname="dependency.DemoTest" name="logout" time="0.001"/>
  <system-out/>
  <testcase classname="dependency.DemoTest" name="login" time="0.009"/>
  <system-out/>
</testsuite> <!-- dependency.DemoTest -->
