<?xml version="1.0" encoding="UTF-8"?>
<!-- Generated by org.testng.reporters.JUnitReportReporter -->
<testsuite hostname="DESKTOP-S4VQME9" failures="0" tests="2" name="shopping.Product" time="0.010" errors="0" timestamp="2023-08-09T15:34:54 IST" skipped="0">
  <testcase classname="shopping.Product" name="removeCart" time="0.001"/>
  <system-out/>
  <testcase classname="shopping.Product" name="addtoCart" time="0.009"/>
  <system-out/>
</testsuite> <!-- shopping.Product -->
